{"/Users/nicholasstrayer/dev/positron-work/positron-api-pkg/dist/index.js": {"path":"/Users/nicholasstrayer/dev/positron-work/positron-api-pkg/dist/index.js","all":false,"statementMap":{"0":{"start":{"line":1,"column":0},"end":{"line":1,"column":13}},"1":{"start":{"line":2,"column":0},"end":{"line":2,"column":95}},"2":{"start":{"line":3,"column":0},"end":{"line":3,"column":64}},"3":{"start":{"line":4,"column":0},"end":{"line":4,"column":84}},"4":{"start":{"line":5,"column":0},"end":{"line":5,"column":96}},"5":{"start":{"line":6,"column":0},"end":{"line":6,"column":62}},"6":{"start":{"line":7,"column":0},"end":{"line":7,"column":81}},"7":{"start":{"line":8,"column":0},"end":{"line":8,"column":67}},"8":{"start":{"line":9,"column":0},"end":{"line":9,"column":37}},"9":{"start":{"line":10,"column":0},"end":{"line":10,"column":140}},"10":{"start":{"line":11,"column":0},"end":{"line":11,"column":118}},"11":{"start":{"line":12,"column":0},"end":{"line":12,"column":30}},"12":{"start":{"line":13,"column":0},"end":{"line":13,"column":37}},"13":{"start":{"line":14,"column":0},"end":{"line":14,"column":118}}},"s":{"0":1,"1":1,"2":1,"3":1,"4":1,"5":1,"6":1,"7":1,"8":1,"9":1,"10":1,"11":1,"12":1,"13":1},"branchMap":{"0":{"type":"branch","line":1,"loc":{"start":{"line":1,"column":0},"end":{"line":11,"column":100}},"locations":[{"start":{"line":1,"column":0},"end":{"line":11,"column":100}}]},"1":{"type":"branch","line":7,"loc":{"start":{"line":7,"column":50},"end":{"line":8,"column":33}},"locations":[{"start":{"line":7,"column":50},"end":{"line":8,"column":33}}]},"2":{"type":"branch","line":10,"loc":{"start":{"line":10,"column":0},"end":{"line":10,"column":53}},"locations":[{"start":{"line":10,"column":0},"end":{"line":10,"column":53}}]},"3":{"type":"branch","line":10,"loc":{"start":{"line":10,"column":81},"end":{"line":10,"column":136}},"locations":[{"start":{"line":10,"column":81},"end":{"line":10,"column":136}}]},"4":{"type":"branch","line":11,"loc":{"start":{"line":11,"column":47},"end":{"line":11,"column":100}},"locations":[{"start":{"line":11,"column":47},"end":{"line":11,"column":100}}]},"5":{"type":"branch","line":11,"loc":{"start":{"line":11,"column":70},"end":{"line":11,"column":114}},"locations":[{"start":{"line":11,"column":70},"end":{"line":11,"column":114}}]},"6":{"type":"branch","line":14,"loc":{"start":{"line":14,"column":70},"end":{"line":14,"column":114}},"locations":[{"start":{"line":14,"column":70},"end":{"line":14,"column":114}}]}},"b":{"0":[1],"1":[1],"2":[1],"3":[9],"4":[1],"5":[8],"6":[15]},"fnMap":{"0":{"name":"get","decl":{"start":{"line":7,"column":50},"end":{"line":8,"column":33}},"loc":{"start":{"line":7,"column":50},"end":{"line":8,"column":33}},"line":7},"1":{"name":"get","decl":{"start":{"line":10,"column":0},"end":{"line":10,"column":53}},"loc":{"start":{"line":10,"column":0},"end":{"line":10,"column":53}},"line":10},"2":{"name":"get","decl":{"start":{"line":10,"column":81},"end":{"line":10,"column":136}},"loc":{"start":{"line":10,"column":81},"end":{"line":10,"column":136}},"line":10},"3":{"name":"get","decl":{"start":{"line":11,"column":47},"end":{"line":11,"column":100}},"loc":{"start":{"line":11,"column":47},"end":{"line":11,"column":100}},"line":11},"4":{"name":"get","decl":{"start":{"line":11,"column":70},"end":{"line":11,"column":114}},"loc":{"start":{"line":11,"column":70},"end":{"line":11,"column":114}},"line":11},"5":{"name":"get","decl":{"start":{"line":14,"column":70},"end":{"line":14,"column":114}},"loc":{"start":{"line":14,"column":70},"end":{"line":14,"column":114}},"line":14}},"f":{"0":1,"1":1,"2":9,"3":1,"4":8,"5":15}}
,"/Users/nicholasstrayer/dev/positron-work/positron-api-pkg/dist/preview.js": {"path":"/Users/nicholasstrayer/dev/positron-work/positron-api-pkg/dist/preview.js","all":false,"statementMap":{"0":{"start":{"line":1,"column":0},"end":{"line":1,"column":13}},"1":{"start":{"line":2,"column":0},"end":{"line":2,"column":95}},"2":{"start":{"line":3,"column":0},"end":{"line":3,"column":64}},"3":{"start":{"line":4,"column":0},"end":{"line":4,"column":84}},"4":{"start":{"line":5,"column":0},"end":{"line":5,"column":96}},"5":{"start":{"line":6,"column":0},"end":{"line":6,"column":97}},"6":{"start":{"line":7,"column":0},"end":{"line":7,"column":33}},"7":{"start":{"line":8,"column":0},"end":{"line":8,"column":53}},"8":{"start":{"line":9,"column":0},"end":{"line":9,"column":88}},"9":{"start":{"line":10,"column":0},"end":{"line":10,"column":68}},"10":{"start":{"line":11,"column":0},"end":{"line":11,"column":5}},"11":{"start":{"line":12,"column":0},"end":{"line":12,"column":39}},"12":{"start":{"line":13,"column":0},"end":{"line":13,"column":29}},"13":{"start":{"line":14,"column":0},"end":{"line":14,"column":33}},"14":{"start":{"line":15,"column":0},"end":{"line":15,"column":17}},"15":{"start":{"line":16,"column":0},"end":{"line":16,"column":4}},"16":{"start":{"line":17,"column":0},"end":{"line":17,"column":96}},"17":{"start":{"line":18,"column":0},"end":{"line":18,"column":72}},"18":{"start":{"line":19,"column":0},"end":{"line":19,"column":21}},"19":{"start":{"line":20,"column":0},"end":{"line":20,"column":21}},"20":{"start":{"line":21,"column":0},"end":{"line":21,"column":3}},"21":{"start":{"line":22,"column":0},"end":{"line":22,"column":64}},"22":{"start":{"line":23,"column":0},"end":{"line":23,"column":31}},"23":{"start":{"line":24,"column":0},"end":{"line":24,"column":62}},"24":{"start":{"line":25,"column":0},"end":{"line":25,"column":24}},"25":{"start":{"line":26,"column":0},"end":{"line":26,"column":95}},"26":{"start":{"line":27,"column":0},"end":{"line":27,"column":22}},"27":{"start":{"line":28,"column":0},"end":{"line":28,"column":10}},"28":{"start":{"line":29,"column":0},"end":{"line":29,"column":26}},"29":{"start":{"line":30,"column":0},"end":{"line":30,"column":6}},"30":{"start":{"line":31,"column":0},"end":{"line":31,"column":27}},"31":{"start":{"line":32,"column":0},"end":{"line":32,"column":46}},"32":{"start":{"line":33,"column":0},"end":{"line":33,"column":24}},"33":{"start":{"line":34,"column":0},"end":{"line":34,"column":137}},"34":{"start":{"line":35,"column":0},"end":{"line":35,"column":40}},"35":{"start":{"line":36,"column":0},"end":{"line":36,"column":22}},"36":{"start":{"line":37,"column":0},"end":{"line":37,"column":6}},"37":{"start":{"line":38,"column":0},"end":{"line":38,"column":5}},"38":{"start":{"line":39,"column":0},"end":{"line":39,"column":62}},"39":{"start":{"line":40,"column":0},"end":{"line":40,"column":32}},"40":{"start":{"line":41,"column":0},"end":{"line":41,"column":95}},"41":{"start":{"line":42,"column":0},"end":{"line":42,"column":34}},"42":{"start":{"line":43,"column":0},"end":{"line":43,"column":2}},"43":{"start":{"line":44,"column":0},"end":{"line":44,"column":82}},"44":{"start":{"line":45,"column":0},"end":{"line":45,"column":38}},"45":{"start":{"line":46,"column":0},"end":{"line":46,"column":96}},"46":{"start":{"line":47,"column":0},"end":{"line":47,"column":39}},"47":{"start":{"line":48,"column":0},"end":{"line":48,"column":3}},"48":{"start":{"line":49,"column":0},"end":{"line":49,"column":91}},"49":{"start":{"line":50,"column":0},"end":{"line":50,"column":2}},"50":{"start":{"line":51,"column":0},"end":{"line":51,"column":87}},"51":{"start":{"line":52,"column":0},"end":{"line":52,"column":26}},"52":{"start":{"line":53,"column":0},"end":{"line":53,"column":81}},"53":{"start":{"line":54,"column":0},"end":{"line":54,"column":92}},"54":{"start":{"line":55,"column":0},"end":{"line":55,"column":2}},"55":{"start":{"line":56,"column":0},"end":{"line":56,"column":39}},"56":{"start":{"line":57,"column":0},"end":{"line":57,"column":62}},"57":{"start":{"line":58,"column":0},"end":{"line":58,"column":2}},"58":{"start":{"line":59,"column":0},"end":{"line":59,"column":11}},"59":{"start":{"line":60,"column":0},"end":{"line":60,"column":16}},"60":{"start":{"line":61,"column":0},"end":{"line":61,"column":60}},"61":{"start":{"line":62,"column":0},"end":{"line":62,"column":2}},"62":{"start":{"line":63,"column":0},"end":{"line":63,"column":49}},"63":{"start":{"line":64,"column":0},"end":{"line":64,"column":43}},"64":{"start":{"line":65,"column":0},"end":{"line":65,"column":45}},"65":{"start":{"line":66,"column":0},"end":{"line":66,"column":6}},"66":{"start":{"line":67,"column":0},"end":{"line":67,"column":3}},"67":{"start":{"line":68,"column":0},"end":{"line":68,"column":32}},"68":{"start":{"line":69,"column":0},"end":{"line":69,"column":63}},"69":{"start":{"line":70,"column":0},"end":{"line":70,"column":87}},"70":{"start":{"line":71,"column":0},"end":{"line":71,"column":38}},"71":{"start":{"line":72,"column":0},"end":{"line":72,"column":22}},"72":{"start":{"line":73,"column":0},"end":{"line":73,"column":51}},"73":{"start":{"line":74,"column":0},"end":{"line":74,"column":43}},"74":{"start":{"line":75,"column":0},"end":{"line":75,"column":5}},"75":{"start":{"line":76,"column":0},"end":{"line":76,"column":10}},"76":{"start":{"line":77,"column":0},"end":{"line":77,"column":54}},"77":{"start":{"line":78,"column":0},"end":{"line":78,"column":43}},"78":{"start":{"line":79,"column":0},"end":{"line":79,"column":5}},"79":{"start":{"line":80,"column":0},"end":{"line":80,"column":1}}},"s":{"0":4,"1":4,"2":4,"3":4,"4":4,"5":4,"6":18,"7":18,"8":18,"9":18,"10":18,"11":18,"12":4,"13":0,"14":0,"15":4,"16":4,"17":9,"18":4,"19":0,"20":4,"21":4,"22":4,"23":1,"24":0,"25":0,"26":0,"27":1,"28":1,"29":4,"30":4,"31":9,"32":9,"33":9,"34":9,"35":9,"36":4,"37":4,"38":4,"39":4,"40":4,"41":4,"42":4,"43":4,"44":4,"45":4,"46":4,"47":4,"48":4,"49":4,"50":4,"51":4,"52":4,"53":4,"54":4,"55":4,"56":4,"57":4,"58":4,"59":4,"60":4,"61":4,"62":4,"63":4,"64":4,"65":4,"66":4,"67":9,"68":9,"69":9,"70":9,"71":9,"72":2,"73":2,"74":9,"75":7,"76":7,"77":7,"78":9,"79":9},"branchMap":{"0":{"type":"branch","line":1,"loc":{"start":{"line":1,"column":0},"end":{"line":80,"column":1}},"locations":[{"start":{"line":1,"column":0},"end":{"line":80,"column":1}}]},"1":{"type":"branch","line":13,"loc":{"start":{"line":13,"column":2},"end":{"line":16,"column":2}},"locations":[{"start":{"line":13,"column":2},"end":{"line":16,"column":2}}]},"2":{"type":"branch","line":19,"loc":{"start":{"line":19,"column":2},"end":{"line":21,"column":2}},"locations":[{"start":{"line":19,"column":2},"end":{"line":21,"column":2}}]},"3":{"type":"branch","line":6,"loc":{"start":{"line":6,"column":74},"end":{"line":13,"column":2}},"locations":[{"start":{"line":6,"column":74},"end":{"line":13,"column":2}}]},"4":{"type":"branch","line":9,"loc":{"start":{"line":9,"column":32},"end":{"line":9,"column":47}},"locations":[{"start":{"line":9,"column":32},"end":{"line":9,"column":47}}]},"5":{"type":"branch","line":9,"loc":{"start":{"line":9,"column":64},"end":{"line":9,"column":84}},"locations":[{"start":{"line":9,"column":64},"end":{"line":9,"column":84}}]},"6":{"type":"branch","line":10,"loc":{"start":{"line":10,"column":38},"end":{"line":10,"column":65}},"locations":[{"start":{"line":10,"column":38},"end":{"line":10,"column":65}}]},"7":{"type":"branch","line":17,"loc":{"start":{"line":17,"column":79},"end":{"line":19,"column":2}},"locations":[{"start":{"line":17,"column":79},"end":{"line":19,"column":2}}]},"8":{"type":"branch","line":22,"loc":{"start":{"line":22,"column":50},"end":{"line":38,"column":2}},"locations":[{"start":{"line":22,"column":50},"end":{"line":38,"column":2}}]},"9":{"type":"branch","line":23,"loc":{"start":{"line":23,"column":17},"end":{"line":30,"column":4}},"locations":[{"start":{"line":23,"column":17},"end":{"line":30,"column":4}}]},"10":{"type":"branch","line":24,"loc":{"start":{"line":24,"column":44},"end":{"line":28,"column":8}},"locations":[{"start":{"line":24,"column":44},"end":{"line":28,"column":8}}]},"11":{"type":"branch","line":31,"loc":{"start":{"line":31,"column":10},"end":{"line":37,"column":4}},"locations":[{"start":{"line":31,"column":10},"end":{"line":37,"column":4}}]},"12":{"type":"branch","line":32,"loc":{"start":{"line":32,"column":34},"end":{"line":32,"column":45}},"locations":[{"start":{"line":32,"column":34},"end":{"line":32,"column":45}}]},"13":{"type":"branch","line":34,"loc":{"start":{"line":34,"column":77},"end":{"line":34,"column":136}},"locations":[{"start":{"line":34,"column":77},"end":{"line":34,"column":136}}]},"14":{"type":"branch","line":67,"loc":{"start":{"line":67,"column":2},"end":{"line":80,"column":1}},"locations":[{"start":{"line":67,"column":2},"end":{"line":80,"column":1}}]},"15":{"type":"branch","line":72,"loc":{"start":{"line":72,"column":20},"end":{"line":75,"column":4}},"locations":[{"start":{"line":72,"column":20},"end":{"line":75,"column":4}}]},"16":{"type":"branch","line":75,"loc":{"start":{"line":75,"column":4},"end":{"line":79,"column":4}},"locations":[{"start":{"line":75,"column":4},"end":{"line":79,"column":4}}]},"17":{"type":"branch","line":70,"loc":{"start":{"line":70,"column":47},"end":{"line":70,"column":84}},"locations":[{"start":{"line":70,"column":47},"end":{"line":70,"column":84}}]}},"b":{"0":[4],"1":[0],"2":[0],"3":[18],"4":[0],"5":[0],"6":[16],"7":[9],"8":[4],"9":[1],"10":[0],"11":[9],"12":[0],"13":[18],"14":[9],"15":[2],"16":[7],"17":[9]},"fnMap":{"0":{"name":"get","decl":{"start":{"line":10,"column":38},"end":{"line":10,"column":65}},"loc":{"start":{"line":10,"column":38},"end":{"line":10,"column":65}},"line":10},"1":{"name":"__setModuleDefault","decl":{"start":{"line":19,"column":4},"end":{"line":21,"column":2}},"loc":{"start":{"line":19,"column":4},"end":{"line":21,"column":2}},"line":19},"2":{"name":"ownKeys","decl":{"start":{"line":23,"column":17},"end":{"line":30,"column":4}},"loc":{"start":{"line":23,"column":17},"end":{"line":30,"column":4}},"line":23},"3":{"name":"ownKeys","decl":{"start":{"line":24,"column":47},"end":{"line":28,"column":8}},"loc":{"start":{"line":24,"column":47},"end":{"line":28,"column":8}},"line":24},"4":{"name":"__importStar","decl":{"start":{"line":31,"column":10},"end":{"line":37,"column":4}},"loc":{"start":{"line":31,"column":10},"end":{"line":37,"column":4}},"line":31},"5":{"name":"previewUrl","decl":{"start":{"line":67,"column":2},"end":{"line":80,"column":1}},"loc":{"start":{"line":67,"column":2},"end":{"line":80,"column":1}},"line":67}},"f":{"0":16,"1":0,"2":1,"3":0,"4":9,"5":9}}
,"/Users/nicholasstrayer/dev/positron-work/positron-api-pkg/dist/runtime.js": {"path":"/Users/nicholasstrayer/dev/positron-work/positron-api-pkg/dist/runtime.js","all":false,"statementMap":{"0":{"start":{"line":1,"column":0},"end":{"line":1,"column":13}},"1":{"start":{"line":2,"column":0},"end":{"line":2,"column":95}},"2":{"start":{"line":3,"column":0},"end":{"line":3,"column":64}},"3":{"start":{"line":4,"column":0},"end":{"line":4,"column":84}},"4":{"start":{"line":5,"column":0},"end":{"line":5,"column":96}},"5":{"start":{"line":6,"column":0},"end":{"line":6,"column":62}},"6":{"start":{"line":7,"column":0},"end":{"line":7,"column":32}},"7":{"start":{"line":8,"column":0},"end":{"line":8,"column":54}},"8":{"start":{"line":9,"column":0},"end":{"line":9,"column":3}},"9":{"start":{"line":10,"column":0},"end":{"line":10,"column":48}},"10":{"start":{"line":11,"column":0},"end":{"line":11,"column":2}},"11":{"start":{"line":12,"column":0},"end":{"line":12,"column":77}},"12":{"start":{"line":13,"column":0},"end":{"line":13,"column":31}},"13":{"start":{"line":14,"column":0},"end":{"line":14,"column":2}},"14":{"start":{"line":15,"column":0},"end":{"line":15,"column":56}},"15":{"start":{"line":16,"column":0},"end":{"line":16,"column":2}},"16":{"start":{"line":17,"column":0},"end":{"line":17,"column":11}},"17":{"start":{"line":18,"column":0},"end":{"line":18,"column":16}},"18":{"start":{"line":19,"column":0},"end":{"line":19,"column":52}},"19":{"start":{"line":20,"column":0},"end":{"line":20,"column":2}},"20":{"start":{"line":21,"column":0},"end":{"line":21,"column":22}},"21":{"start":{"line":22,"column":0},"end":{"line":22,"column":49}},"22":{"start":{"line":23,"column":0},"end":{"line":23,"column":41}},"23":{"start":{"line":24,"column":0},"end":{"line":24,"column":11}},"24":{"start":{"line":25,"column":0},"end":{"line":25,"column":53}},"25":{"start":{"line":26,"column":0},"end":{"line":26,"column":44}},"26":{"start":{"line":27,"column":0},"end":{"line":27,"column":4}},"27":{"start":{"line":28,"column":0},"end":{"line":28,"column":6}},"28":{"start":{"line":29,"column":0},"end":{"line":29,"column":3}},"29":{"start":{"line":30,"column":0},"end":{"line":30,"column":23}},"30":{"start":{"line":31,"column":0},"end":{"line":31,"column":47}},"31":{"start":{"line":32,"column":0},"end":{"line":32,"column":60}},"32":{"start":{"line":33,"column":0},"end":{"line":33,"column":1}},"33":{"start":{"line":34,"column":0},"end":{"line":34,"column":3}},"34":{"start":{"line":35,"column":0},"end":{"line":35,"column":101}},"35":{"start":{"line":36,"column":0},"end":{"line":36,"column":2}},"36":{"start":{"line":37,"column":0},"end":{"line":37,"column":98}},"37":{"start":{"line":38,"column":0},"end":{"line":38,"column":73}},"38":{"start":{"line":39,"column":0},"end":{"line":39,"column":2}},"39":{"start":{"line":40,"column":0},"end":{"line":40,"column":84}},"40":{"start":{"line":41,"column":0},"end":{"line":41,"column":2}},"41":{"start":{"line":42,"column":0},"end":{"line":42,"column":11}},"42":{"start":{"line":43,"column":0},"end":{"line":43,"column":16}},"43":{"start":{"line":44,"column":0},"end":{"line":44,"column":71}},"44":{"start":{"line":45,"column":0},"end":{"line":45,"column":2}},"45":{"start":{"line":46,"column":0},"end":{"line":46,"column":47}},"46":{"start":{"line":47,"column":0},"end":{"line":47,"column":21}},"47":{"start":{"line":48,"column":0},"end":{"line":48,"column":49}},"48":{"start":{"line":49,"column":0},"end":{"line":49,"column":81}},"49":{"start":{"line":50,"column":0},"end":{"line":50,"column":11}},"50":{"start":{"line":51,"column":0},"end":{"line":51,"column":53}},"51":{"start":{"line":52,"column":0},"end":{"line":52,"column":44}},"52":{"start":{"line":53,"column":0},"end":{"line":53,"column":4}},"53":{"start":{"line":54,"column":0},"end":{"line":54,"column":6}},"54":{"start":{"line":55,"column":0},"end":{"line":55,"column":3}},"55":{"start":{"line":56,"column":0},"end":{"line":56,"column":34}},"56":{"start":{"line":57,"column":0},"end":{"line":57,"column":9}},"57":{"start":{"line":58,"column":0},"end":{"line":58,"column":99}},"58":{"start":{"line":59,"column":0},"end":{"line":59,"column":27}},"59":{"start":{"line":60,"column":0},"end":{"line":60,"column":51}},"60":{"start":{"line":61,"column":0},"end":{"line":61,"column":9}},"61":{"start":{"line":62,"column":0},"end":{"line":62,"column":25}},"62":{"start":{"line":63,"column":0},"end":{"line":63,"column":5}},"63":{"start":{"line":64,"column":0},"end":{"line":64,"column":19}},"64":{"start":{"line":65,"column":0},"end":{"line":65,"column":82}},"65":{"start":{"line":66,"column":0},"end":{"line":66,"column":69}},"66":{"start":{"line":67,"column":0},"end":{"line":67,"column":25}},"67":{"start":{"line":68,"column":0},"end":{"line":68,"column":5}},"68":{"start":{"line":69,"column":0},"end":{"line":69,"column":1}}},"s":{"0":4,"1":4,"2":4,"3":4,"4":4,"5":4,"6":4,"7":4,"8":4,"9":4,"10":4,"11":4,"12":4,"13":4,"14":4,"15":4,"16":4,"17":4,"18":4,"19":4,"20":4,"21":4,"22":4,"23":4,"24":4,"25":4,"26":4,"27":4,"28":4,"29":18,"30":18,"31":18,"32":18,"33":4,"34":4,"35":4,"36":4,"37":4,"38":4,"39":4,"40":4,"41":4,"42":4,"43":4,"44":4,"45":4,"46":4,"47":4,"48":4,"49":4,"50":4,"51":4,"52":4,"53":4,"54":4,"55":14,"56":14,"57":14,"58":14,"59":5,"60":5,"61":9,"62":9,"63":11,"64":2,"65":2,"66":2,"67":14,"68":14},"branchMap":{"0":{"type":"branch","line":1,"loc":{"start":{"line":1,"column":0},"end":{"line":69,"column":1}},"locations":[{"start":{"line":1,"column":0},"end":{"line":69,"column":1}}]},"1":{"type":"branch","line":30,"loc":{"start":{"line":30,"column":0},"end":{"line":33,"column":1}},"locations":[{"start":{"line":30,"column":0},"end":{"line":33,"column":1}}]},"2":{"type":"branch","line":56,"loc":{"start":{"line":56,"column":0},"end":{"line":69,"column":1}},"locations":[{"start":{"line":56,"column":0},"end":{"line":69,"column":1}}]},"3":{"type":"branch","line":59,"loc":{"start":{"line":59,"column":26},"end":{"line":61,"column":9}},"locations":[{"start":{"line":59,"column":26},"end":{"line":61,"column":9}}]},"4":{"type":"branch","line":61,"loc":{"start":{"line":61,"column":8},"end":{"line":68,"column":4}},"locations":[{"start":{"line":61,"column":8},"end":{"line":68,"column":4}}]},"5":{"type":"branch","line":61,"loc":{"start":{"line":61,"column":8},"end":{"line":64,"column":3}},"locations":[{"start":{"line":61,"column":8},"end":{"line":64,"column":3}}]},"6":{"type":"branch","line":64,"loc":{"start":{"line":64,"column":3},"end":{"line":68,"column":4}},"locations":[{"start":{"line":64,"column":3},"end":{"line":68,"column":4}}]}},"b":{"0":[4],"1":[18],"2":[14],"3":[5],"4":[11],"5":[9],"6":[2]},"fnMap":{"0":{"name":"inPositron","decl":{"start":{"line":30,"column":0},"end":{"line":33,"column":1}},"loc":{"start":{"line":30,"column":0},"end":{"line":33,"column":1}},"line":30},"1":{"name":"tryAcquirePositronApi","decl":{"start":{"line":56,"column":0},"end":{"line":69,"column":1}},"loc":{"start":{"line":56,"column":0},"end":{"line":69,"column":1}},"line":56}},"f":{"0":18,"1":14}}
}
